<html><head><title>Execution Log - RodanAndFields</title></head><body BGCOLOR="#FAFAFA"><LEFT><img src=E:\Eclipse_Workspace\RF-Automation\qa-automation\src\test\resources\staticdata\RodanAndFields.png></img></LEFT> <CENTER><FONT FACE="Algerian" COLOR="#483C32" + SIZE="6"><U>AUTOMATION TEST REPORT</U></FONT></CENTER><br/><br/>[INFO ] 2017-04-21 13:33:26.945  RFBaseTest - testUsers are loaded from testUsers_DEV1_US.properties<br/>[INFO ] 2017-04-21 13:33:26.945  RFBaseTest - Environment properties are not provided by the user ... loading the default properties<br/>[INFO ] 2017-04-21 13:33:26.946  RFBaseTest - Default Browser is  ------ chrome<br/>[INFO ] 2017-04-21 13:33:26.946  RFBaseTest - Default URL is  ------ https://www.dev1.rodanandfields.com<br/>[INFO ] 2017-04-21 13:33:26.946  RFBaseTest - Default user password is  ------ 111Maiden$<br/>[INFO ] 2017-04-21 13:33:26.946  RFBaseTest - Default Country is  ------ us<br/>[INFO ] 2017-04-21 13:33:26.946  RFBaseTest - Default DB IP is  ------ 10.3.0.55<br/>[INFO ] 2017-04-21 13:33:26.946  RFBaseTest - Default DB Username is  ------ perftest<br/>[INFO ] 2017-04-21 13:33:26.946  RFBaseTest - Default DB Password is  ------ perftest<br/>[INFO ] 2017-04-21 13:33:26.946  RFBaseTest - Default DB Domain is  ------ RF<br/>[INFO ] 2017-04-21 13:33:42.885  RFWebsiteDriver - Window is maximized<br/>[INFO ] 2017-04-21 13:33:43.188  RFWebsiteDriver - All cookies deleted<br/>[INFO ] 2017-04-21 13:33:43.196  RFWebsiteDriver - DB connections are set<br/>[INFO ] 2017-04-21 13:33:45.939  RFWebsiteDriver - URL opened is https://www.dev1.rodanandfields.com/US<br/>[INFO ] 2017-04-21 13:34:37.192  RFWebsiteDriver - Waiting For Page load via JS<br/>[INFO ] 2017-04-21 13:42:36.020  TestListner - <br/>******************************************************************************************************************************<font color='#0000FF'><br/><b>					TEST CASE NAME:                  testConsultantEnrollmentWithPulseAndCRP_231</b></font><br/>******************************************************************************************************************************<font color='#848484'><br/><b>[INFO ] 2017-04-21 13:42:36.031  TestListner - [TEST IS SKIPPED -------- Test case testConsultantEnrollmentWithPulseAndCRP_231 skipped]</b></font><br/><br/> ] 2017-04-21 13:34:41.878  RFWebsiteDriver - waiting...<br/>[INFO ] 2017-04-21 13:34:44.027  TestListner - <br/>******************************************************************************************************************************<font color='#0000FF'><br/><b>					TEST CASE NAME:                  testConsultantEnrollmentWithPulseAndCRP_231</b></font><br/>******************************************************************************************************************************<br/>[INFO ] 2017-04-21 13:34:45.897  StoreFrontWebsiteBasePage - mouseHovered on 'Become A Consultant'<br/>[INFO ] 2017-04-21 13:35:02.347  StoreFrontWebsiteBasePage - Become a Consultant not mouse hovered properly..retry<br/>[INFO ] 2017-04-21 13:35:04.819  StoreFrontWebsiteBasePage - mouseHovered on 'Become A Consultant'<br/>[INFO ] 2017-04-21 13:35:20.855  StoreFrontWebsiteBasePage - Become a Consultant not mouse hovered properly..retry<br/>[INFO ] 2017-04-21 13:35:23.395  StoreFrontWebsiteBasePage - mouseHovered on 'Become A Consultant'<br/>[INFO ] 2017-04-21 13:35:40.092  StoreFrontWebsiteBasePage - Become a Consultant not mouse hovered properly..retry<br/>[INFO ] 2017-04-21 13:35:41.094  StoreFrontWebsiteBasePage - clicked on 'Enroll Now'<br/>[INFO ] 2017-04-21 13:35:41.094  RFWebsiteDriver - Waiting For Page load via JS<br/>[INFO ] 2017-04-21 13:35:41.205  RFWebsiteDriver - page load complete..<font color='#F70D1A'><br/><b>[INFO ] 2017-04-21 13:36:15.499  TestListner - [TEST HAS FAILED-------- Test case testConsultantEnrollmentWithPulseAndCRP_231 has failed]</b></font><br/><br/>[INFO ] 2017-04-21 13:36:15.502  TestListner - org.openqa.selenium.NoSuchElementException: no such element: Unable to locate element: {"method":"id","selector":"sponserparam"}<br/>  (Session info: chrome=57.0.2987.132)<br/>  (Driver info: chromedriver=2.28.455520 (cc17746adff54984afff480136733114c6b3704b),platform=Windows NT 10.0.14393 x86_64) (WARNING: The server did not provide any stacktrace information)<br/>Command duration or timeout: 15.09 seconds<br/>For documentation on this error, please visit: http://seleniumhq.org/exceptions/no_such_element.html<br/>Build info: version: '2.46.0', revision: '61506a4624b13675f24581e453592342b7485d71', time: '2015-06-04 10:22:50'<br/>System info: host: 'NODE585', ip: '192.168.122.192', os.name: 'Windows 8.1', os.arch: 'amd64', os.version: '6.3', java.version: '1.7.0_80'<br/>*** Element info: {Using=id, value=sponserparam}<br/>Session ID: e6d52b0cfaa66ccd5567ab4bd2ed9cdb<br/>Driver info: io.appium.java_client.android.AndroidDriver<br/>Capabilities [{platform=ANDROID, acceptSslCerts=true, javascriptEnabled=true, browserName=chrome, chrome={chromedriverVersion=2.28.455520 (cc17746adff54984afff480136733114c6b3704b)}, unexpectedAlertBehaviour=, rotatable=false, locationContextEnabled=true, mobileEmulationEnabled=false, version=57.0.2987.132, pageLoadStrategy=normal, takesHeapSnapshot=true, cssSelectorsEnabled=true, databaseEnabled=false, handlesAlerts=true, browserConnectionEnabled=false, webStorageEnabled=true, nativeEvents=true, hasTouchScreen=true, applicationCacheEnabled=false, takesScreenshot=true}]<p>Created by Shubham Mathur
 GSPANN Technologies Inc.</body></html>
